<?xml version="1.0" encoding="UTF-8"?>
<!-- Generated by org.testng.reporters.JUnitReportReporter -->
<testsuite hostname="5CG5090HHT" name="com.test.IWS.TestClass1" tests="1" failures="0" timestamp="5 Mar 2019 09:44:45 GMT" time="18.170" errors="0">
  <testcase name="openGoogle" time="18.170" classname="com.test.IWS.TestClass1"/>
</testsuite> <!-- com.test.IWS.TestClass1 -->
