<?xml version="1.0" encoding="UTF-8"?>
<!-- Generated by org.testng.reporters.JUnitReportReporter -->
<testsuite hostname="5CG5090HHT" name="com.test.IWS.TestClass1" tests="1" failures="0" timestamp="7 Mar 2019 05:32:12 GMT" time="9.600" errors="0">
  <testcase name="openGoogle" time="9.600" classname="com.test.IWS.TestClass1"/>
</testsuite> <!-- com.test.IWS.TestClass1 -->
