<?xml version="1.0" encoding="UTF-8"?>
<!-- Generated by org.testng.reporters.JUnitReportReporter -->
<testsuite hostname="5CG5090HHT" name="com.test.IWS.TestClass1" tests="1" failures="0" timestamp="9 Mar 2019 06:35:43 GMT" time="8.399" errors="0">
  <testcase name="openGoogle" time="8.399" classname="com.test.IWS.TestClass1"/>
</testsuite> <!-- com.test.IWS.TestClass1 -->
